scipy.cluster
=============
scipy.cluster.hierarchy
=======================
DisjointSet: (0, 14)
DisjointSet.__getitem__: (0, 14)
DisjointSet.__iter__: (0, 14)
DisjointSet.add: (0, 14)
DisjointSet.connected: (0, 14)
DisjointSet.merge: (0, 14)
DisjointSet.subset: (0, 14)
DisjointSet.subset_size: (0, 14)
DisjointSet.subsets: (0, 14)
average: (0, 10)
centroid: (4, 10)
complete: (0, 10)
cophenet: (0, 7)
correspond: (0, 6)
cut_tree: (0, 8)
dendrogram: (0, 13)
fcluster: (0, 9)
fclusterdata: (0, 3)
from_mlab_linkage: (0, 5)
inconsistent: (0, 6)
is_isomorphic: (0, 11)
is_monotonic: (0, 9)
is_valid_im: (0, 10)
is_valid_linkage: (0, 8)
leaders: (0, 10)
leaves_list: (0, 9)
linkage: (0, 10)
maxRstat: (0, 9)
maxdists: (0, 6)
maxinconsts: (0, 8)
median: (0, 10)
num_obs_linkage: (0, 5)
optimal_leaf_ordering: (0, 7)
set_link_color_palette: (0, 12)
single: (0, 9)
to_mlab_linkage: (0, 7)
to_tree: (0, 9)
ward: (0, 10)
weighted: (0, 10)
scipy.cluster.vq
================
whiten: (0, 5)
vq: (0, 6)
kmeans: (0, 19)
kmeans2: (0, 23)
scipy.constants
===============
convert_temperature: (0, 3)
exbi: (0, 1)
find: (0, 5)
gibi: (0, 1)
kibi: (0, 1)
lambda2nu: (0, 3)
mebi: (0, 1)
nu2lambda: (0, 3)
pebi: (0, 1)
precision: (0, 2)
tebi: (0, 1)
unit: (0, 2)
value: (0, 2)
yobi: (0, 1)
zebi: (0, 1)
scipy.datasets
==============
ascent: (0, 8)
electrocardiogram: (0, 33)
face: (0, 9)
clear_cache: (0, 4)
scipy.fft
=========
fft: (0, 10)
ifft: (0, 12)
fft2: (0, 4)
ifft2: (0, 4)
fftn: (0, 12)
ifftn: (0, 11)
rfft: (0, 3)
irfft: (0, 3)
rfftn: (0, 5)
irfftn: (0, 5)
hfft: (0, 7)
ihfft: (0, 5)
hfftn: (0, 4)
ihfftn: (0, 5)
next_fast_len: (0, 9)
dct: (0, 4)
idct: (0, 4)
dctn: (0, 5)
idctn: (0, 5)
dstn: (0, 5)
idstn: (0, 5)
fht: (0, 31)
fhtoffset: (0, 7)
set_backend: (0, 2)
skip_backend: (0, 3)
set_global_backend: (0, 3)
register_backend: (0, 6)
get_workers: (0, 3)
set_workers: (0, 5)
scipy.fftpack
=============
fft: (0, 4)
ifft: (0, 4)
fftn: (0, 4)
ifftn: (0, 4)
rfft: (0, 4)
irfft: (0, 4)
fft2: (0, 5)
ifft2: (0, 5)
rfftfreq: (0, 8)
next_fast_len: (0, 9)
dct: (0, 4)
idct: (0, 4)
dctn: (0, 5)
idctn: (0, 5)
dstn: (0, 5)
idstn: (0, 5)
scipy.fftpack.convolve
======================
scipy.integrate
===============
cumulative_trapezoid: (0, 8)
dblquad: (0, 11)
fixed_quad: (0, 9)
newton_cotes: (0, 7)
nquad: (0, 13)
ode: (0, 9)
ode.get_return_code: (0, 9)
ode.integrate: (0, 9)
ode.set_f_params: (0, 9)
ode.set_initial_value: (0, 9)
ode.set_integrator: (0, 9)
ode.set_jac_params: (0, 9)
ode.set_solout: (0, 9)
ode.successful: (0, 9)
odeint: (0, 15)
qmc_quad: (0, 17)
quad: (0, 16)
quad_vec: (0, 11)
quadrature: (0, 7)
romb: (0, 8)
romberg: (0, 6)
simpson: (0, 9)
solve_bvp: (0, 34)
solve_ivp: (0, 42)
tplquad: (0, 11)
scipy.interpolate
=================
BPoly: (0, 7)
BPoly._construct_from_derivatives: (0, 7)
BPoly._raise_degree: (0, 7)
BPoly.antiderivative: (0, 7)
BPoly.derivative: (0, 7)
BPoly.extend: (0, 7)
BPoly.from_derivatives: (0, 7)
BPoly.from_power_basis: (0, 7)
BPoly.integrate: (0, 7)
BSpline: (0, 63)
BSpline.__call__: (0, 63)
BSpline._ensure_c_contiguous: (0, 63)
BSpline.antiderivative: (0, 63)
BSpline.basis_element: (0, 63)
BSpline.construct_fast: (0, 63)
BSpline.derivative: (0, 63)
BSpline.design_matrix: (0, 63)
BSpline.from_power_basis: (0, 63)
BSpline.integrate: (0, 63)
BSpline.tck: (0, 63)
BarycentricInterpolator: (0, 25)
BarycentricInterpolator.__call__: (0, 25)
BarycentricInterpolator.add_xi: (0, 25)
BarycentricInterpolator.derivative: (0, 25)
BarycentricInterpolator.set_yi: (0, 25)
BivariateSpline: (0, 17)
BivariateSpline.ev: (0, 17)
BivariateSpline.integral: (0, 17)
CloughTocher2DInterpolator: (0, 18)
CloughTocher2DInterpolator._set_values: (0, 18)
CubicSpline: (0, 32)
CubicSpline._validate_bc: (0, 32)
InterpolatedUnivariateSpline: (0, 12)
KroghInterpolator: (0, 9)
LSQSphereBivariateSpline: (0, 32)
LSQUnivariateSpline: (0, 19)
LinearNDInterpolator: (0, 18)
NearestNDInterpolator: (0, 18)
NearestNDInterpolator.__call__: (0, 18)
PPoly: (0, 23)
PPoly.antiderivative: (0, 23)
PPoly.derivative: (0, 23)
PPoly.from_bernstein_basis: (0, 23)
PPoly.from_spline: (0, 23)
PPoly.integrate: (0, 23)
PPoly.roots: (0, 23)
PPoly.solve: (0, 23)
RBFInterpolator: (0, 16)
RBFInterpolator.__call__: (0, 16)
RBFInterpolator._chunk_evaluator: (0, 16)
Rbf: (0, 8)
RectSphereBivariateSpline: (0, 21)
RegularGridInterpolator: (0, 36)
RegularGridInterpolator.__call__: (0, 36)
SmoothSphereBivariateSpline: (0, 27)
UnivariateSpline: (0, 58)
UnivariateSpline.__call__: (0, 58)
UnivariateSpline._from_tck: (0, 58)
UnivariateSpline.antiderivative: (0, 58)
UnivariateSpline.derivative: (0, 58)
UnivariateSpline.derivatives: (0, 58)
UnivariateSpline.get_coeffs: (0, 58)
UnivariateSpline.get_knots: (0, 58)
UnivariateSpline.get_residual: (0, 58)
UnivariateSpline.integral: (0, 58)
UnivariateSpline.roots: (0, 58)
UnivariateSpline.set_smoothing_factor: (0, 58)
approximate_taylor_polynomial: (0, 10)
barycentric_interpolate: (0, 11)
griddata: (0, 26)
insert: (0, 10)
interp1d: (0, 10)
interp1d.__init__: (0, 10)
interp1d._call_nearest: (0, 10)
interp1d._call_previousnext: (0, 10)
interp1d._check_bounds: (0, 10)
interp1d.fill_value: (0, 10)
interp2d: (0, 15)
interp2d.__call__: (0, 15)
interpn: (0, 10)
krogh_interpolate: (0, 11)
lagrange: (0, 14)
make_interp_spline: (0, 31)
make_lsq_spline: (0, 22)
make_smoothing_spline: (0, 15)
pade: (0, 8)
pchip_interpolate: (0, 11)
splantider: (0, 10)
splder: (0, 7)
splprep: (0, 12)
splrep: (0, 10)
sproot: (0, 7)
scipy.io
========
FortranFile: (0, 10)
FortranFile.close: (0, 10)
FortranFile.read_ints: (0, 10)
FortranFile.read_reals: (0, 10)
FortranFile.read_record: (0, 10)
FortranFile.write_record: (0, 10)
hb_read: (0, 5)
hb_write: (0, 5)
loadmat: (0, 19)
mminfo: (0, 4)
mmread: (0, 8)
mmwrite: (0, 22)
netcdf_file: (0, 23)
netcdf_file.__init__: (0, 23)
netcdf_file.close: (0, 23)
netcdf_file.createDimension: (0, 23)
netcdf_file.createVariable: (0, 23)
netcdf_file.flush: (0, 23)
readsav: (0, 8)
savemat: (0, 6)
whosmat: (0, 8)
scipy.io.arff
=============
loadarff: (0, 7)
scipy.io.matlab
===============
loadmat: (0, 19)
savemat: (0, 6)
whosmat: (0, 8)
scipy.io.wavfile
================
read: (0, 18)
write: (0, 7)
scipy.linalg
============
bandwidth: (0, 4)
block_diag: (0, 9)
cdf2rdf: (0, 12)
cho_factor: (0, 6)
cho_solve: (0, 6)
cho_solve_banded: (0, 8)
cholesky: (0, 6)
cholesky_banded: (0, 9)
circulant: (0, 2)
clarkson_woodruff_transform: (0, 31)
companion: (0, 2)
convolution_matrix: (0, 9)
coshm: (0, 8)
cosm: (0, 5)
cossin: (0, 9)
det: (0, 9)
dft: (0, 9)
diagsvd: (0, 5)
eig: (0, 12)
eig_banded: (0, 10)
eigh: (0, 11)
eigh_tridiagonal: (0, 7)
eigvals: (0, 8)
eigvals_banded: (0, 6)
eigvalsh: (0, 5)
eigvalsh_tridiagonal: (0, 8)
expm: (0, 6)
expm_cond: (0, 5)
expm_frechet: (0, 14)
fiedler: (0, 11)
fiedler_companion: (0, 6)
find_best_blas_type: (0, 8)
fractional_matrix_power: (0, 6)
funm: (0, 7)
get_blas_funcs: (0, 8)
get_lapack_funcs: (0, 13)
hadamard: (0, 3)
hankel: (0, 3)
helmert: (0, 2)
hessenberg: (0, 6)
hilbert: (0, 2)
inv: (0, 5)
invhilbert: (0, 5)
invpascal: (0, 6)
ishermitian: (0, 12)
issymmetric: (0, 7)
khatri_rao: (0, 5)
kron: (0, 3)
ldl: (0, 9)
leslie: (0, 2)
logm: (0, 6)
lstsq: (0, 18)
lu: (0, 16)
lu_factor: (0, 15)
lu_solve: (0, 7)
matmul_toeplitz: (0, 9)
matrix_balance: (0, 7)
norm: (0, 23)
null_space: (0, 12)
ordqz: (0, 6)
orth: (0, 5)
orthogonal_procrustes: (0, 6)
pascal: (0, 6)
pinv: (0, 9)
pinvh: (0, 8)
polar: (0, 18)
qr: (0, 18)
qr_delete: (0, 13)
qr_insert: (0, 14)
qr_multiply: (0, 9)
qr_update: (0, 27)
qz: (0, 19)
rq: (0, 11)
rsf2csf: (0, 9)
schur: (1, 11)
signm: (0, 4)
sinhm: (0, 8)
sinm: (0, 5)
solve: (0, 7)
solve_banded: (0, 6)
solve_circulant: (0, 18)
solve_continuous_are: (0, 9)
solve_continuous_lyapunov: (0, 8)
solve_discrete_are: (0, 10)
solve_discrete_lyapunov: (0, 7)
solve_lyapunov: (0, 8)
solve_sylvester: (0, 8)
solve_toeplitz: (0, 9)
solve_triangular: (0, 7)
solveh_banded: (0, 10)
sqrtm: (0, 6)
subspace_angles: (0, 9)
svd: (0, 17)
svdvals: (0, 17)
tanhm: (0, 8)
tanm: (0, 8)
toeplitz: (0, 3)
tri: (0, 3)
tril: (0, 2)
triu: (0, 2)
scipy.linalg.blas
=================
get_blas_funcs: (0, 8)
find_best_blas_type: (0, 8)
scipy.linalg.lapack
===================
get_lapack_funcs: (0, 13)
scipy.linalg.interpolative
==========================
scipy.misc
==========
scipy.ndimage
=============
binary_closing: (0, 13)
binary_dilation: (0, 14)
binary_erosion: (0, 7)
binary_fill_holes: (0, 8)
binary_hit_or_miss: (0, 9)
binary_opening: (0, 9)
binary_propagation: (0, 17)
black_tophat: (0, 5)
center_of_mass: (0, 11)
convolve: (0, 14)
convolve1d: (0, 2)
correlate: (0, 6)
correlate1d: (0, 2)
distance_transform_bf: (0, 35)
distance_transform_cdt: (0, 32)
distance_transform_edt: (0, 10)
extrema: (0, 7)
find_objects: (0, 13)
fourier_ellipsoid: (0, 12)
fourier_gaussian: (0, 12)
fourier_shift: (0, 12)
fourier_uniform: (0, 12)
gaussian_filter: (0, 16)
gaussian_filter1d: (0, 15)
gaussian_gradient_magnitude: (0, 11)
gaussian_laplace: (0, 12)
generate_binary_structure: (0, 14)
generic_filter: (0, 19)
geometric_transform: (0, 11)
grey_closing: (0, 6)
grey_dilation: (0, 12)
grey_erosion: (0, 10)
grey_opening: (0, 6)
histogram: (0, 7)
iterate_structure: (0, 5)
label: (0, 11)
labeled_comprehension: (0, 10)
laplace: (0, 11)
map_coordinates: (0, 9)
maximum: (0, 15)
maximum_filter: (0, 11)
maximum_filter1d: (0, 2)
maximum_position: (0, 8)
mean: (0, 9)
median: (0, 8)
median_filter: (0, 11)
minimum: (0, 8)
minimum_filter: (0, 11)
minimum_filter1d: (0, 2)
minimum_position: (0, 10)
morphological_gradient: (0, 11)
percentile_filter: (0, 11)
prewitt: (0, 17)
rank_filter: (0, 11)
rotate: (0, 18)
sobel: (0, 17)
spline_filter: (0, 10)
spline_filter1d: (0, 11)
standard_deviation: (0, 7)
sum_labels: (0, 6)
uniform_filter: (0, 11)
uniform_filter1d: (0, 2)
value_indices: (0, 15)
variance: (0, 7)
white_tophat: (0, 5)
zoom: (0, 12)
scipy.odr
=========
exponential: (0, 8)
multilinear: (0, 8)
polynomial: (0, 15)
quadratic: (0, 8)
unilinear: (0, 8)
scipy.optimize
==============
BroydenFirst: (0, 4)
KrylovJacobian: (0, 8)
NonlinearConstraint: (0, 4)
anderson: (0, 4)
approx_fprime: (0, 7)
basinhopping: (0, 19)
bisect: (0, 6)
bracket: (0, 15)
brent: (0, 7)
brenth: (0, 6)
brentq: (0, 6)
broyden1: (0, 4)
broyden2: (0, 4)
brute: (0, 11)
check_grad: (0, 7)
curve_fit: (0, 25)
diagbroyden: (0, 4)
differential_evolution: (0, 19)
direct: (0, 7)
dual_annealing: (0, 8)
fixed_point: (0, 6)
fmin: (0, 4)
fmin_bfgs: (0, 8)
fmin_cg: (0, 11)
fmin_cobyla: (0, 5)
fmin_powell: (0, 4)
fminbound: (0, 11)
fsolve: (0, 6)
golden: (0, 7)
isotonic_regression: (0, 9)
least_squares: (0, 58)
leastsq: (0, 3)
line_search: (0, 7)
linear_sum_assignment: (0, 6)
linprog: (0, 17)
lsq_linear: (0, 11)
milp: (0, 13)
minimize: (0, 12)
minimize_scalar: (0, 8)
newton: (0, 27)
newton_krylov: (0, 8)
nnls: (0, 7)
quadratic_assignment: (0, 23)
ridder: (0, 6)
root: (0, 20)
root_scalar: (0, 12)
rosen: (0, 11)
rosen_der: (0, 4)
rosen_hess: (0, 4)
rosen_hess_prod: (0, 5)
shgo: (1, 25)
toms748: (0, 5)
scipy.signal
============
CZT: (0, 15)
CZT.__call__: (0, 15)
CZT.points: (0, 15)
ShortTimeFFT: (0, 84)
ShortTimeFFT.T: (0, 84)
ShortTimeFFT._fft_func: (0, 84)
ShortTimeFFT._ifft_func: (0, 84)
ShortTimeFFT._post_padding: (0, 84)
ShortTimeFFT._pre_padding: (0, 84)
ShortTimeFFT._x_slices: (0, 84)
ShortTimeFFT.delta_f: (0, 84)
ShortTimeFFT.delta_t: (0, 84)
ShortTimeFFT.dual_win: (0, 84)
ShortTimeFFT.extent: (0, 84)
ShortTimeFFT.f: (0, 84)
ShortTimeFFT.f_pts: (0, 84)
ShortTimeFFT.fac_magnitude: (0, 84)
ShortTimeFFT.fac_psd: (0, 84)
ShortTimeFFT.fft_mode: (0, 84)
ShortTimeFFT.from_dual: (0, 84)
ShortTimeFFT.from_window: (0, 84)
ShortTimeFFT.fs: (0, 84)
ShortTimeFFT.hop: (0, 84)
ShortTimeFFT.invertible: (0, 84)
ShortTimeFFT.istft: (0, 84)
ShortTimeFFT.k_max: (0, 84)
ShortTimeFFT.k_min: (0, 84)
ShortTimeFFT.lower_border_end: (0, 84)
ShortTimeFFT.m_num: (0, 84)
ShortTimeFFT.m_num_mid: (0, 84)
ShortTimeFFT.mfft: (0, 84)
ShortTimeFFT.nearest_k_p: (0, 84)
ShortTimeFFT.onesided_fft: (0, 84)
ShortTimeFFT.p_max: (0, 84)
ShortTimeFFT.p_min: (0, 84)
ShortTimeFFT.p_num: (0, 84)
ShortTimeFFT.p_range: (0, 84)
ShortTimeFFT.phase_shift: (0, 84)
ShortTimeFFT.scale_to: (0, 84)
ShortTimeFFT.scaling: (0, 84)
ShortTimeFFT.spectrogram: (0, 84)
ShortTimeFFT.stft: (0, 84)
ShortTimeFFT.stft_detrend: (0, 84)
ShortTimeFFT.t: (0, 84)
ShortTimeFFT.upper_border_begin: (0, 84)
ShortTimeFFT.win: (0, 84)
StateSpace: (0, 12)
StateSpace.A: (0, 12)
StateSpace.B: (0, 12)
StateSpace.C: (0, 12)
StateSpace.D: (0, 12)
StateSpace.__add__: (0, 12)
StateSpace.__init__: (0, 12)
StateSpace.__mul__: (0, 12)
StateSpace.__neg__: (0, 12)
StateSpace.__new__: (0, 12)
StateSpace.__repr__: (0, 12)
StateSpace.__rmul__: (0, 12)
StateSpace.__truediv__: (0, 12)
StateSpace._copy: (0, 12)
StateSpace.to_ss: (0, 12)
StateSpace.to_tf: (0, 12)
StateSpace.to_zpk: (0, 12)
TransferFunction: (0, 5)
TransferFunction.__init__: (0, 5)
TransferFunction.__new__: (0, 5)
TransferFunction.__repr__: (0, 5)
TransferFunction._copy: (0, 5)
TransferFunction._z_to_zinv: (0, 5)
TransferFunction._zinv_to_z: (0, 5)
TransferFunction.den: (0, 5)
TransferFunction.num: (0, 5)
TransferFunction.to_ss: (0, 5)
TransferFunction.to_tf: (0, 5)
TransferFunction.to_zpk: (0, 5)
ZerosPolesGain: (0, 3)
ZerosPolesGain.__init__: (0, 3)
ZerosPolesGain.__new__: (0, 3)
ZerosPolesGain.__repr__: (0, 3)
ZerosPolesGain._copy: (0, 3)
ZerosPolesGain.gain: (0, 3)
ZerosPolesGain.poles: (0, 3)
ZerosPolesGain.to_ss: (0, 3)
ZerosPolesGain.to_tf: (0, 3)
ZerosPolesGain.to_zpk: (0, 3)
ZerosPolesGain.zeros: (0, 3)
ZoomFFT: (0, 11)
argrelextrema: (0, 6)
argrelmax: (0, 6)
argrelmin: (0, 6)
bessel: (0, 48)
bilinear: (0, 15)
bilinear_zpk: (0, 15)
bode: (0, 9)
butter: (0, 27)
buttord: (0, 16)
cheb1ord: (0, 15)
cheb2ord: (0, 16)
cheby1: (0, 28)
cheby2: (0, 27)
check_COLA: (0, 7)
check_NOLA: (0, 11)
chirp: (0, 25)
choose_conv_method: (0, 11)
coherence: (0, 20)
cont2discrete: (0, 17)
convolve: (0, 18)
convolve2d: (0, 18)
correlate: (0, 42)
correlate2d: (0, 23)
correlation_lags: (0, 8)
csd: (0, 20)
cspline1d: (0, 12)
cspline1d_eval: (0, 12)
cwt: (0, 10)
czt: (0, 33)
czt_points: (0, 14)
dbode: (0, 9)
decimate: (0, 17)
deconvolve: (0, 7)
detrend: (0, 7)
dfreqresp: (0, 8)
dimpulse: (0, 9)
dlsim: (0, 7)
dlti: (0, 14)
dlti.__init__: (0, 14)
dlti.__new__: (0, 14)
dlti.bode: (0, 14)
dlti.dt: (0, 14)
dlti.freqresp: (0, 14)
dlti.impulse: (0, 14)
dlti.output: (0, 14)
dlti.step: (0, 14)
dstep: (0, 9)
ellip: (0, 29)
ellipord: (0, 15)
fftconvolve: (0, 28)
filtfilt: (0, 30)
find_peaks: (0, 35)
find_peaks_cwt: (0, 6)
findfreqs: (0, 2)
firls: (0, 9)
firwin: (0, 12)
firwin2: (0, 3)
freqresp: (0, 8)
freqs: (0, 10)
freqs_zpk: (0, 10)
freqz: (0, 27)
freqz_zpk: (0, 18)
gammatone: (0, 15)
gauss_spline: (0, 5)
gausspulse: (0, 6)
get_window: (0, 5)
group_delay: (0, 9)
hilbert: (0, 22)
iircomb: (0, 47)
iirdesign: (0, 27)
iirfilter: (0, 25)
iirnotch: (0, 23)
iirpeak: (0, 23)
impulse: (0, 5)
impulse2: (0, 5)
istft: (0, 38)
kaiser_atten: (0, 2)
kaiser_beta: (0, 2)
kaiserord: (0, 24)
lfilter: (0, 18)
lfilter_zi: (0, 9)
lombscargle: (0, 19)
lp2bp: (0, 13)
lp2bp_zpk: (0, 7)
lp2bs: (0, 13)
lp2bs_zpk: (0, 7)
lp2hp: (0, 13)
lp2hp_zpk: (0, 6)
lp2lp: (0, 13)
lp2lp_zpk: (0, 6)
lsim: (0, 26)
lsim2: (0, 26)
lti: (0, 13)
lti.__init__: (0, 13)
lti.__new__: (0, 13)
lti.bode: (0, 13)
lti.freqresp: (0, 13)
lti.impulse: (0, 13)
lti.output: (0, 13)
lti.step: (0, 13)
lti.to_discrete: (0, 13)
max_len_seq: (0, 24)
medfilt2d: (0, 8)
minimum_phase: (0, 18)
morlet: (0, 10)
morlet2: (0, 18)
normalize: (0, 9)
oaconvolve: (0, 14)
order_filter: (0, 7)
peak_prominences: (0, 20)
peak_widths: (0, 15)
periodogram: (0, 27)
place_poles: (0, 26)
qspline1d: (0, 12)
qspline1d_eval: (0, 12)
remez: (0, 35)
resample: (0, 10)
resample_poly: (0, 25)
ricker: (0, 8)
savgol_coeffs: (0, 10)
savgol_filter: (0, 6)
sawtooth: (0, 5)
sos2tf: (0, 4)
sosfilt: (0, 11)
sosfilt_zi: (0, 13)
sosfiltfilt: (0, 20)
sosfreqz: (0, 37)
spectrogram: (0, 25)
spline_filter: (0, 10)
square: (0, 14)
ss2tf: (0, 6)
step: (0, 9)
step2: (0, 9)
stft: (0, 25)
sweep_poly: (0, 15)
tf2sos: (0, 2)
tf2ss: (0, 8)
tf2zpk: (0, 2)
unique_roots: (0, 4)
unit_impulse: (0, 17)
upfirdn: (0, 13)
welch: (0, 36)
wiener: (0, 11)
zoom_fft: (0, 10)
zpk2sos: (0, 11)
zpk2tf: (0, 5)
scipy.signal.windows
====================
boxcar: (0, 18)
triang: (0, 19)
parzen: (0, 18)
bohman: (0, 18)
blackman: (0, 19)
nuttall: (0, 18)
blackmanharris: (0, 18)
flattop: (0, 18)
bartlett: (0, 18)
barthann: (0, 18)
hamming: (0, 18)
kaiser: (0, 18)
kaiser_bessel_derived: (0, 15)
gaussian: (0, 18)
general_gaussian: (0, 18)
general_cosine: (0, 22)
general_hamming: (0, 15)
chebwin: (0, 18)
cosine: (0, 19)
hann: (0, 19)
exponential: (0, 26)
tukey: (0, 19)
taylor: (0, 18)
get_window: (0, 5)
dpss: (0, 30)
lanczos: (0, 24)
scipy.sparse
============
block: (0, 6)
block_diag: (0, 5)
bmat: (0, 6)
bsr_array: (0, 11)
bsr_matrix: (0, 11)
coo_array: (0, 13)
coo_matrix: (0, 13)
csc_array: (0, 11)
csc_matrix: (0, 11)
csr_array: (0, 22)
csr_matrix: (0, 22)
dia_array: (0, 12)
dia_matrix: (0, 12)
diags: (0, 5)
diags_array: (0, 5)
dok_array: (0, 4)
dok_matrix: (0, 4)
dok_matrix.get_shape: (0, 4)
dok_matrix.shape: (0, 4)
eye: (0, 4)
find: (0, 3)
hstack: (0, 4)
identity: (0, 3)
issparse: (0, 6)
isspmatrix: (0, 6)
isspmatrix_bsr: (0, 4)
isspmatrix_coo: (0, 4)
isspmatrix_csc: (0, 4)
isspmatrix_csr: (0, 4)
isspmatrix_dia: (0, 4)
isspmatrix_dok: (0, 4)
isspmatrix_lil: (0, 4)
kron: (0, 6)
load_npz: (0, 9)
rand: (0, 4)
random: (0, 13)
save_npz: (0, 9)
spdiags: (0, 5)
tril: (0, 8)
triu: (0, 8)
vstack: (0, 4)
scipy.sparse.csgraph
====================
connected_components: (0, 8)
laplacian: (0, 47)
shortest_path: (0, 8)
floyd_warshall: (0, 8)
dijkstra: (0, 8)
bellman_ford: (0, 8)
johnson: (0, 8)
breadth_first_order: (0, 6)
depth_first_order: (0, 6)
breadth_first_tree: (0, 5)
depth_first_tree: (0, 5)
minimum_spanning_tree: (0, 5)
reverse_cuthill_mckee: (0, 6)
maximum_flow: (0, 22)
maximum_bipartite_matching: (0, 18)
min_weight_full_bipartite_matching: (0, 33)
structural_rank: (0, 6)
construct_dist_matrix: (0, 8)
reconstruct_path: (0, 9)
csgraph_masked_from_dense: (0, 3)
csgraph_from_dense: (0, 3)
csgraph_from_masked: (0, 4)
csgraph_to_dense: (0, 20)
csgraph_to_masked: (0, 5)
scipy.sparse.linalg
===================
LaplacianNd: (0, 51)
LaplacianNd._eigenvalue_ordering: (0, 51)
LaplacianNd._ev1d: (0, 51)
LaplacianNd._one_eve: (0, 51)
LaplacianNd.eigenvalues: (0, 51)
LaplacianNd.eigenvectors: (0, 51)
LaplacianNd.toarray: (0, 51)
LaplacianNd.tosparse: (0, 51)
LinearOperator: (0, 7)
LinearOperator.H: (0, 7)
LinearOperator.T: (0, 7)
LinearOperator.__init__: (0, 7)
LinearOperator._adjoint: (0, 7)
LinearOperator._init_dtype: (0, 7)
LinearOperator._matmat: (0, 7)
LinearOperator._matvec: (0, 7)
LinearOperator._rdot: (0, 7)
LinearOperator._rmatmat: (0, 7)
LinearOperator._rmatvec: (0, 7)
LinearOperator._transpose: (0, 7)
LinearOperator.adjoint: (0, 7)
LinearOperator.dot: (0, 7)
LinearOperator.matmat: (0, 7)
LinearOperator.matvec: (0, 7)
LinearOperator.rmatmat: (0, 7)
LinearOperator.rmatvec: (0, 7)
LinearOperator.transpose: (0, 7)
SuperLU: (0, 14)
SuperLU.solve: (0, 14)
aslinearoperator: (0, 4)
bicg: (0, 8)
bicgstab: (0, 9)
cg: (0, 9)
cgs: (0, 9)
eigs: (0, 6)
eigsh: (0, 6)
expm: (0, 7)
expm_multiply: (0, 11)
factorized: (0, 7)
gcrotmk: (0, 9)
gmres: (0, 8)
inv: (0, 7)
lgmres: (0, 8)
lobpcg: (0, 46)
lsmr: (0, 20)
lsqr: (0, 20)
matrix_power: (0, 8)
minres: (0, 9)
norm: (0, 16)
onenormest: (0, 7)
qmr: (0, 8)
spilu: (0, 9)
splu: (0, 9)
spsolve: (0, 7)
spsolve_triangular: (0, 7)
svds: (0, 67)
tfqmr: (0, 8)
use_solver: (0, 10)
scipy.spatial
=============
ConvexHull: (0, 20)
ConvexHull.add_points: (0, 20)
Delaunay: (0, 18)
Delaunay.add_points: (0, 18)
Delaunay.convex_hull: (0, 18)
Delaunay.find_simplex: (0, 18)
Delaunay.lift_points: (0, 18)
Delaunay.plane_distance: (0, 18)
Delaunay.transform: (0, 18)
Delaunay.vertex_neighbor_vertices: (0, 18)
Delaunay.vertex_to_simplex: (0, 18)
HalfspaceIntersection: (0, 32)
HalfspaceIntersection.add_halfspaces: (0, 32)
KDTree: (0, 72)
KDTree.count_neighbors: (0, 72)
KDTree.node._create: (0, 72)
KDTree.query: (0, 72)
KDTree.query_ball_point: (0, 72)
KDTree.query_ball_tree: (0, 72)
KDTree.query_pairs: (0, 72)
KDTree.sparse_distance_matrix: (0, 72)
SphericalVoronoi: (0, 28)
SphericalVoronoi._calc_vertices_regions: (0, 28)
SphericalVoronoi.calculate_areas: (0, 28)
SphericalVoronoi.sort_vertices_of_regions: (0, 28)
Voronoi: (0, 11)
Voronoi.add_points: (0, 11)
cKDTree: (0, 72)
cKDTree.__init__: (0, 72)
cKDTree._build_weights: (0, 72)
cKDTree.count_neighbors: (0, 72)
cKDTree.query: (0, 72)
cKDTree.query_ball_point: (0, 72)
cKDTree.query_ball_tree: (0, 72)
cKDTree.query_pairs: (0, 72)
cKDTree.sparse_distance_matrix: (0, 72)
convex_hull_plot_2d: (0, 8)
delaunay_plot_2d: (0, 8)
distance_matrix: (0, 2)
geometric_slerp: (0, 31)
minkowski_distance: (0, 2)
minkowski_distance_p: (0, 2)
procrustes: (0, 6)
tsearch: (0, 12)
voronoi_plot_2d: (0, 9)
scipy.spatial.distance
======================
braycurtis: (0, 3)
canberra: (0, 3)
cdist: (0, 7)
chebyshev: (0, 3)
cityblock: (0, 4)
cosine: (0, 4)
dice: (0, 4)
directed_hausdorff: (0, 8)
euclidean: (0, 3)
hamming: (0, 5)
is_valid_dm: (0, 7)
is_valid_y: (0, 4)
jaccard: (0, 5)
jensenshannon: (0, 9)
kulczynski1: (0, 5)
mahalanobis: (0, 5)
minkowski: (0, 7)
pdist: (0, 6)
rogerstanimoto: (0, 4)
russellrao: (0, 4)
seuclidean: (0, 4)
sokalmichener: (0, 4)
sokalsneath: (0, 5)
sqeuclidean: (0, 3)
squareform: (0, 8)
yule: (0, 3)
scipy.spatial.transform
=======================
Rotation: (0, 283)
Rotation.__bool__: (0, 283)
Rotation.__delitem__: (0, 283)
Rotation.__getitem__: (0, 283)
Rotation.__init__: (0, 283)
Rotation.__len__: (0, 283)
Rotation.__mul__: (0, 283)
Rotation.__pow__: (0, 283)
Rotation.__rmul__: (0, 283)
Rotation.__rpow__: (0, 283)
Rotation.__setitem__: (0, 283)
Rotation._as_euler_from_matrix: (0, 283)
Rotation._compute_euler: (0, 283)
Rotation.align_vectors: (0, 283)
Rotation.apply: (0, 283)
Rotation.approx_equal: (0, 283)
Rotation.as_euler: (0, 283)
Rotation.as_matrix: (0, 283)
Rotation.as_mrp: (0, 283)
Rotation.as_quat: (0, 283)
Rotation.as_rotvec: (0, 283)
Rotation.concatenate: (0, 283)
Rotation.create_group: (0, 283)
Rotation.from_euler: (0, 283)
Rotation.from_matrix: (0, 283)
Rotation.from_mrp: (0, 283)
Rotation.from_quat: (0, 283)
Rotation.from_rotvec: (0, 283)
Rotation.identity: (0, 283)
Rotation.inv: (0, 283)
Rotation.magnitude: (0, 283)
Rotation.mean: (0, 283)
Rotation.random: (0, 283)
Rotation.reduce: (0, 283)
Slerp: (0, 9)
Slerp.__call__: (0, 9)
RotationSpline: (0, 25)
RotationSpline.__call__: (0, 25)
scipy.special
=============
agm: (0, 8)
airy: (0, 11)
airye: (0, 16)
bei: (0, 5)
ber: (0, 5)
besselpoly: (0, 16)
beta: (0, 6)
betainc: (0, 7)
betaincc: (0, 3)
betainccinv: (0, 7)
betaincinv: (0, 7)
betaln: (0, 8)
binom: (0, 11)
boxcox: (0, 3)
boxcox1p: (0, 3)
cbrt: (0, 3)
chdtr: (0, 6)
chdtrc: (0, 6)
chdtri: (0, 5)
chdtriv: (0, 5)
cosdg: (0, 5)
cosm1: (0, 5)
cotdg: (0, 5)
dawsn: (0, 8)
ellipe: (0, 9)
elliprc: (0, 21)
elliprd: (0, 14)
elliprf: (0, 14)
elliprg: (0, 14)
elliprj: (0, 14)
erf: (0, 8)
erfc: (0, 8)
erfcinv: (0, 13)
erfcx: (0, 8)
erfi: (0, 8)
erfinv: (0, 15)
eval_chebyc: (0, 5)
eval_chebys: (0, 5)
eval_legendre: (0, 15)
exp1: (0, 10)
exp10: (0, 5)
exp2: (0, 5)
expi: (0, 10)
expit: (0, 13)
expm1: (0, 6)
expn: (0, 9)
exprel: (0, 6)
fdtr: (0, 23)
fdtrc: (0, 23)
fdtri: (0, 28)
fdtridfd: (0, 5)
fresnel: (0, 10)
gamma: (0, 19)
gammainc: (0, 5)
gammaincc: (0, 5)
gammainccinv: (0, 6)
gammaincinv: (0, 6)
gammaln: (0, 7)
gammasgn: (0, 7)
gdtr: (0, 28)
gdtrc: (0, 28)
gdtria: (0, 4)
gdtrib: (0, 4)
gdtrix: (0, 4)
huber: (0, 22)
hyp0f1: (0, 12)
hyp1f1: (0, 9)
hyp2f1: (0, 18)
hyperu: (0, 9)
i0: (0, 10)
i0e: (0, 10)
i1: (0, 10)
i1e: (0, 10)
inv_boxcox: (0, 3)
inv_boxcox1p: (0, 3)
it2i0k0: (0, 16)
it2j0y0: (0, 16)
it2struve0: (0, 13)
itairy: (0, 18)
iti0k0: (0, 15)
itj0y0: (0, 15)
itmodstruve0: (0, 13)
itstruve0: (0, 13)
iv: (0, 16)
ive: (0, 14)
j0: (0, 10)
j1: (0, 10)
jv: (0, 16)
jve: (0, 13)
k0: (0, 10)
k0e: (0, 10)
k1: (0, 10)
k1e: (0, 10)
kei: (0, 5)
ker: (0, 5)
kn: (0, 10)
kolmogi: (0, 2)
kolmogorov: (0, 27)
kv: (0, 10)
kve: (0, 16)
log1p: (0, 4)
log_expit: (0, 6)
log_ndtr: (0, 5)
logit: (0, 13)
modstruve: (0, 17)
nbdtr: (0, 25)
nbdtrc: (0, 25)
nbdtri: (0, 25)
nbdtrik: (0, 22)
nbdtrin: (0, 5)
ncfdtr: (0, 14)
ncfdtri: (0, 5)
ncfdtridfd: (0, 5)
ncfdtridfn: (0, 5)
ncfdtrinc: (0, 5)
nctdtr: (0, 13)
ndtr: (0, 10)
ndtri: (0, 11)
ndtri_exp: (0, 8)
owens_t: (0, 4)
pdtr: (0, 4)
poch: (0, 7)
powm1: (0, 6)
pseudo_huber: (0, 33)
psi: (0, 4)
radian: (0, 6)
rgamma: (0, 5)
round: (0, 2)
shichi: (0, 20)
sici: (0, 21)
sindg: (0, 5)
smirnov: (0, 27)
smirnovi: (0, 6)
spence: (0, 18)
stdtr: (0, 21)
stdtridf: (0, 5)
stdtrit: (0, 25)
struve: (0, 17)
tandg: (0, 5)
tklmbda: (0, 34)
voigt_profile: (0, 30)
wofz: (0, 11)
wright_bessel: (0, 4)
wrightomega: (0, 12)
xlog1py: (0, 10)
xlogy: (0, 8)
y0: (0, 10)
y1: (0, 10)
yn: (0, 17)
yv: (0, 17)
yve: (0, 13)
zetac: (0, 5)
geterr: (0, 2)
seterr: (0, 10)
errstate: (0, 6)
jn: (0, 16)
ai_zeros: (0, 6)
bernoulli: (0, 5)
bi_zeros: (0, 6)
comb: (0, 7)
digamma: (0, 4)
diric: (0, 15)
erf_zeros: (0, 3)
euler: (0, 5)
factorial: (0, 6)
factorial2: (0, 3)
factorialk: (0, 3)
h1vp: (0, 6)
h2vp: (0, 6)
ivp: (0, 15)
jn_zeros: (0, 17)
jnp_zeros: (0, 17)
jnyn_zeros: (0, 26)
jvp: (0, 15)
kvp: (0, 16)
perm: (0, 6)
polygamma: (0, 4)
stirling2: (0, 5)
y0_zeros: (0, 19)
y1_zeros: (0, 21)
y1p_zeros: (0, 22)
yn_zeros: (0, 16)
ynp_zeros: (0, 18)
yvp: (0, 17)
zeta: (0, 8)
legendre: (0, 2)
chebyt: (0, 23)
chebyu: (0, 22)
jacobi: (0, 12)
laguerre: (0, 15)
genlaguerre: (0, 14)
hermite: (0, 13)
gegenbauer: (0, 14)
roots_legendre: (0, 12)
p_roots: (0, 12)
logsumexp: (0, 13)
softmax: (0, 13)
log_softmax: (0, 9)
multigammaln: (0, 6)
ellip_harm: (0, 12)
ellip_harm_2: (0, 3)
ellip_normal: (0, 3)
lambertw: (0, 17)
spherical_jn: (0, 14)
spherical_yn: (0, 14)
spherical_in: (0, 14)
spherical_kn: (0, 14)
scipy.stats
===========
CensoredData: (0, 37)
CensoredData.__len__: (0, 37)
CensoredData._supported: (0, 37)
CensoredData._uncensor: (0, 37)
CensoredData.interval_censored: (0, 37)
CensoredData.left_censored: (0, 37)
CensoredData.num_censored: (0, 37)
CensoredData.right_censored: (0, 37)
Covariance: (0, 92)
Covariance.colorize: (0, 92)
Covariance.covariance: (0, 92)
Covariance.from_cholesky: (0, 92)
Covariance.from_diagonal: (0, 92)
Covariance.from_eigendecomposition: (0, 92)
Covariance.from_precision: (0, 92)
Covariance.log_pdet: (0, 92)
Covariance.rank: (0, 92)
Covariance.shape: (0, 92)
Covariance.whiten: (0, 92)
alexandergovern: (0, 6)
alpha: (0, 17)
anderson: (0, 8)
anderson_ksamp: (0, 13)
anglit: (0, 16)
ansari: (0, 10)
arcsine: (0, 16)
argus: (0, 17)
barnard_exact: (0, 6)
bartlett: (0, 42)
bayes_mvs: (0, 21)
bernoulli: (0, 16)
beta: (0, 17)
betabinom: (0, 16)
betaprime: (0, 23)
binned_statistic: (0, 30)
binned_statistic_2d: (0, 10)
binned_statistic_dd: (0, 25)
binom: (0, 16)
binomtest: (0, 5)
boltzmann: (0, 16)
bootstrap: (0, 65)
boschloo_exact: (0, 4)
boxcox: (0, 13)
boxcox_llf: (0, 19)
boxcox_normmax: (0, 20)
boxcox_normplot: (0, 9)
bradford: (0, 17)
brunnermunzel: (0, 6)
burr: (0, 17)
burr12: (0, 17)
bws_test: (0, 7)
cauchy: (0, 16)
chi: (0, 17)
chi2: (0, 17)
chi2_contingency: (0, 19)
chisquare: (0, 15)
circmean: (0, 15)
circstd: (0, 15)
circvar: (0, 14)
combine_pvalues: (0, 6)
cosine: (0, 16)
cramervonmises: (0, 12)
cramervonmises_2samp: (0, 13)
crystalball: (0, 17)
cumfreq: (0, 20)
describe: (0, 6)
dgamma: (0, 17)
differential_entropy: (0, 20)
directional_stats: (0, 11)
dirichlet: (0, 12)
dirichlet_multinomial: (0, 20)
dlaplace: (0, 16)
dunnett: (0, 11)
dweibull: (0, 17)
ecdf: (0, 22)
energy_distance: (0, 4)
entropy: (0, 15)
expectile: (0, 7)
expon: (0, 16)
exponnorm: (0, 17)
exponpow: (0, 17)
exponweib: (0, 17)
f: (0, 17)
f_oneway: (0, 14)
false_discovery_control: (0, 5)
fatiguelife: (0, 17)
find_repeats: (0, 3)
fisher_exact: (0, 25)
fisk: (0, 17)
fit: (0, 25)
fligner: (0, 42)
foldcauchy: (0, 17)
foldnorm: (0, 17)
friedmanchisquare: (0, 7)
gamma: (0, 17)
gausshyper: (0, 17)
gaussian_kde: (0, 38)
gaussian_kde._compute_covariance: (0, 38)
gaussian_kde.evaluate: (0, 38)
gaussian_kde.integrate_box: (0, 38)
gaussian_kde.integrate_box_1d: (0, 38)
gaussian_kde.integrate_gaussian: (0, 38)
gaussian_kde.integrate_kde: (0, 38)
gaussian_kde.logpdf: (0, 38)
gaussian_kde.marginal: (0, 38)
gaussian_kde.pdf: (0, 38)
gaussian_kde.resample: (0, 38)
gaussian_kde.scotts_factor: (0, 38)
gaussian_kde.set_bandwidth: (0, 38)
gaussian_kde.silverman_factor: (0, 38)
genexpon: (0, 17)
genextreme: (0, 17)
gengamma: (0, 17)
genhalflogistic: (0, 17)
genhyperbolic: (0, 17)
geninvgauss: (0, 17)
genlogistic: (0, 17)
gennorm: (0, 17)
genpareto: (0, 17)
geom: (0, 16)
gibrat: (0, 16)
gmean: (0, 4)
gompertz: (0, 17)
goodness_of_fit: (0, 32)
gstd: (0, 13)
gumbel_l: (0, 16)
gumbel_r: (0, 16)
gzscore: (0, 15)
halfcauchy: (0, 16)
halfgennorm: (0, 17)
halflogistic: (0, 16)
halfnorm: (0, 16)
hmean: (0, 4)
hypergeom: (0, 16)
hypsecant: (0, 16)
invgamma: (0, 17)
invgauss: (0, 17)
invweibull: (0, 17)
invwishart: (0, 11)
iqr: (0, 8)
jarque_bera: (0, 33)
jf_skew_t: (0, 17)
johnsonsb: (0, 17)
johnsonsu: (0, 17)
kappa3: (0, 17)
kappa4: (0, 17)
kendalltau: (0, 40)
kruskal: (0, 8)
ks_1samp: (0, 8)
ks_2samp: (0, 11)
ksone: (0, 17)
kstat: (0, 4)
kstest: (0, 12)
kstwo: (0, 17)
kurtosis: (0, 11)
kurtosistest: (0, 35)
laplace: (0, 16)
laplace_asymmetric: (0, 17)
levene: (0, 42)
levy: (0, 18)
levy_l: (0, 18)
linregress: (0, 17)
loggamma: (0, 17)
logistic: (0, 16)
loglaplace: (0, 17)
lognorm: (0, 30)
logrank: (0, 17)
logser: (0, 16)
loguniform: (0, 34)
lomax: (0, 17)
mannwhitneyu: (0, 25)
matrix_normal: (0, 13)
maxwell: (0, 16)
median_abs_deviation: (0, 15)
median_test: (0, 13)
mielke: (0, 17)
mode: (0, 6)
moment: (0, 3)
monte_carlo_test: (0, 21)
mood: (0, 11)
moyal: (0, 16)
multinomial: (0, 11)
multiscale_graphcorr: (0, 12)
multivariate_hypergeom: (0, 9)
multivariate_normal: (0, 16)
multivariate_t: (0, 9)
mvsdist: (0, 6)
nakagami: (0, 17)
nbinom: (0, 16)
ncf: (0, 17)
nchypergeom_fisher: (0, 16)
nchypergeom_wallenius: (0, 16)
nct: (0, 17)
ncx2: (0, 17)
nhypergeom: (0, 21)
norm: (0, 16)
normaltest: (0, 34)
norminvgauss: (0, 17)
obrientransform: (0, 7)
ortho_group: (0, 7)
page_trend_test: (0, 25)
pareto: (0, 17)
pearson3: (0, 17)
pearsonr: (0, 24)
percentileofscore: (0, 10)
permutation_test: (0, 40)
planck: (0, 16)
pmean: (0, 8)
pointbiserialr: (0, 7)
poisson: (0, 16)
poisson_means_test: (0, 3)
power_divergence: (0, 12)
powerlaw: (0, 17)
powerlognorm: (0, 17)
powernorm: (0, 17)
ppcc_max: (0, 11)
ppcc_plot: (0, 19)
probplot: (0, 23)
quantile_test: (0, 27)
randint: (0, 17)
random_correlation: (0, 8)
random_table: (0, 6)
rankdata: (0, 11)
ranksums: (0, 8)
rayleigh: (0, 16)
rdist: (0, 17)
recipinvgauss: (0, 17)
reciprocal: (0, 34)
rel_breitwigner: (0, 17)
relfreq: (0, 17)
rice: (0, 17)
rv_continuous: (0, 24)
rv_continuous._attach_methods: (0, 24)
rv_continuous._delta_cdf: (0, 24)
rv_continuous._fit_loc_scale_support: (0, 24)
rv_continuous._fitstart: (0, 24)
rv_continuous._nnlf_and_penalty: (0, 24)
rv_continuous._penalized_nnlf: (0, 24)
rv_continuous._reduce_func: (0, 24)
rv_continuous._updated_ctor_param: (0, 24)
rv_continuous.cdf: (0, 24)
rv_continuous.expect: (0, 24)
rv_continuous.fit: (0, 24)
rv_continuous.fit_loc_scale: (0, 24)
rv_continuous.isf: (0, 24)
rv_continuous.logcdf: (0, 24)
rv_continuous.logpdf: (0, 24)
rv_continuous.logsf: (0, 24)
rv_continuous.pdf: (0, 24)
rv_continuous.ppf: (0, 24)
rv_continuous.sf: (0, 24)
rv_discrete: (0, 14)
rv_discrete._attach_methods: (0, 14)
rv_discrete._updated_ctor_param: (0, 14)
rv_discrete.cdf: (0, 14)
rv_discrete.expect: (0, 14)
rv_discrete.isf: (0, 14)
rv_discrete.logcdf: (0, 14)
rv_discrete.logpmf: (0, 14)
rv_discrete.logsf: (0, 14)
rv_discrete.pmf: (0, 14)
rv_discrete.ppf: (0, 14)
rv_discrete.rvs: (0, 14)
rv_discrete.sf: (0, 14)
rv_histogram: (0, 20)
rv_histogram.__init__: (0, 20)
rv_histogram._cdf: (0, 20)
rv_histogram._entropy: (0, 20)
rv_histogram._munp: (0, 20)
rv_histogram._pdf: (0, 20)
rv_histogram._ppf: (0, 20)
rv_histogram._updated_ctor_param: (0, 20)
scoreatpercentile: (0, 4)
sem: (0, 5)
semicircular: (0, 16)
shapiro: (0, 24)
siegelslopes: (0, 15)
sigmaclip: (0, 12)
skellam: (0, 16)
skew: (0, 3)
skewcauchy: (0, 17)
skewnorm: (0, 17)
skewtest: (0, 35)
sobol_indices: (0, 41)
somersd: (0, 5)
spearmanr: (0, 53)
special_ortho_group: (0, 7)
studentized_range: (0, 23)
t: (0, 17)
theilslopes: (0, 17)
tiecorrect: (0, 5)
tmax: (0, 6)
tmean: (0, 5)
tmin: (0, 6)
trapezoid: (0, 17)
triang: (0, 17)
trim1: (0, 11)
trim_mean: (0, 8)
trimboth: (0, 11)
truncexpon: (0, 17)
truncnorm: (0, 37)
truncpareto: (0, 17)
truncweibull_min: (0, 17)
tsem: (0, 5)
tstd: (0, 5)
ttest_1samp: (0, 24)
ttest_ind: (0, 20)
ttest_ind_from_stats: (0, 11)
ttest_rel: (0, 8)
tukey_hsd: (0, 17)
tukeylambda: (0, 17)
tvar: (0, 5)
uniform: (0, 16)
uniform_direction: (0, 8)
unitary_group: (0, 5)
variation: (0, 5)
vonmises: (0, 30)
vonmises_fisher: (0, 39)
vonmises_line: (0, 30)
wald: (0, 16)
wasserstein_distance: (0, 6)
weibull_max: (0, 17)
weibull_min: (0, 17)
weightedtau: (0, 21)
wilcoxon: (0, 19)
wishart: (0, 9)
wrapcauchy: (0, 17)
yeojohnson: (0, 13)
yeojohnson_llf: (0, 18)
yeojohnson_normmax: (0, 11)
yeojohnson_normplot: (0, 9)
yulesimon: (0, 16)
zipf: (0, 20)
zipfian: (0, 20)
zmap: (0, 4)
zscore: (0, 8)
scipy.stats.mstats
==================
argstoarray: (0, 3)
chisquare: (0, 15)
compare_medians_ms: (0, 9)
count_tied_groups: (0, 8)
describe: (0, 4)
find_repeats: (0, 3)
gmean: (0, 4)
hmean: (0, 4)
kruskal: (0, 5)
kruskalwallis: (0, 5)
mode: (0, 5)
mquantiles: (0, 8)
pearsonr: (0, 14)
sem: (0, 5)
sen_seasonal_slopes: (0, 12)
tmax: (0, 4)
tmean: (0, 5)
tmin: (0, 4)
trim: (0, 4)
trima: (0, 4)
variation: (0, 7)
winsorize: (0, 4)
zmap: (0, 4)
zscore: (0, 8)
scipy.stats.contingency
=======================
margins: (0, 12)
expected_freq: (0, 4)
chi2_contingency: (0, 19)
crosstab: (0, 26)
association: (0, 6)
relative_risk: (0, 4)
odds_ratio: (0, 4)
scipy.stats.qmc
===============
Halton: (0, 11)
Halton._initialize_permutations: (0, 11)
Halton._random: (0, 11)
LatinHypercube: (0, 15)
LatinHypercube._random_lhs: (0, 15)
LatinHypercube._random_oa_lhs: (0, 15)
MultinomialQMC: (0, 9)
MultinomialQMC.random: (0, 9)
MultivariateNormalQMC: (0, 6)
MultivariateNormalQMC._standard_normal_samples: (0, 6)
MultivariateNormalQMC.random: (0, 6)
PoissonDisk: (0, 15)
PoissonDisk._hypersphere_surface_sample: (0, 15)
PoissonDisk._hypersphere_volume_sample: (0, 15)
PoissonDisk._initialize_grid_pool: (0, 15)
PoissonDisk._random: (0, 15)
PoissonDisk.fill_space: (0, 15)
PoissonDisk.reset: (0, 15)
QMCEngine: (0, 6)
QMCEngine.fast_forward: (0, 6)
QMCEngine.integers: (0, 6)
QMCEngine.random: (0, 6)
QMCEngine.reset: (0, 6)
Sobol: (0, 12)
Sobol._random: (0, 12)
Sobol._scramble: (0, 12)
Sobol.fast_forward: (0, 12)
Sobol.random_base2: (0, 12)
Sobol.reset: (0, 12)
discrepancy: (0, 11)
geometric_discrepancy: (0, 24)
scale: (0, 8)
update_discrepancy: (0, 9)
scipy.stats.sampling
====================
DiscreteAliasUrn: (0, 40)
DiscreteGuideTable: (0, 44)
DiscreteGuideTable.ppf: (0, 44)
FastGeneratorInversion: (0, 41)
FastGeneratorInversion._cdf: (0, 41)
FastGeneratorInversion._ppf: (0, 41)
FastGeneratorInversion._set_domain_adj: (0, 41)
FastGeneratorInversion.evaluate_error: (0, 41)
FastGeneratorInversion.ppf: (0, 41)
FastGeneratorInversion.qrvs: (0, 41)
FastGeneratorInversion.rvs: (0, 41)
FastGeneratorInversion.support: (0, 41)
NumericalInverseHermite: (0, 58)
NumericalInverseHermite.ppf: (0, 58)
NumericalInverseHermite.qrvs: (0, 58)
NumericalInverseHermite.u_error: (0, 58)
NumericalInversePolynomial: (0, 40)
NumericalInversePolynomial.cdf: (0, 40)
NumericalInversePolynomial.ppf: (0, 40)
NumericalInversePolynomial.qrvs: (0, 40)
NumericalInversePolynomial.u_error: (0, 40)
RatioUniforms: (0, 13)
RatioUniforms.rvs: (0, 13)
SimpleRatioUniforms: (0, 21)
TransformedDensityRejection: (0, 31)
TransformedDensityRejection.ppf_hat: (0, 31)
